<?xml version="1.0" encoding="UTF-8"?>
<testng-results skipped="0" failed="0" ignored="1" total="2" passed="1">
  <reporter-output>
  </reporter-output>
  <suite name="Default suite" duration-ms="53475" started-at="2019-02-15T04:36:47Z" finished-at="2019-02-15T04:37:40Z">
    <groups>
    </groups>
    <test name="Default test" duration-ms="53475" started-at="2019-02-15T04:36:47Z" finished-at="2019-02-15T04:37:40Z">
      <class name="Com_Ivq.Excute_IVQ">
        <test-method status="PASS" signature="before()[pri:0, instance:Com_Ivq.Excute_IVQ@646d64ab]" name="before" is-config="true" duration-ms="7185" started-at="2019-02-15T04:36:47Z" finished-at="2019-02-15T04:36:54Z">
          <reporter-output>
          </reporter-output>
        </test-method> <!-- before -->
        <test-method status="PASS" signature="createUser()[pri:0, instance:Com_Ivq.Excute_IVQ@646d64ab]" name="createUser" duration-ms="45352" started-at="2019-02-15T04:36:54Z" finished-at="2019-02-15T04:37:39Z">
          <reporter-output>
          </reporter-output>
        </test-method> <!-- createUser -->
        <test-method status="PASS" signature="tearDown()[pri:0, instance:Com_Ivq.Excute_IVQ@646d64ab]" name="tearDown" is-config="true" duration-ms="914" started-at="2019-02-15T04:37:39Z" finished-at="2019-02-15T04:37:40Z">
          <reporter-output>
          </reporter-output>
        </test-method> <!-- tearDown -->
      </class> <!-- Com_Ivq.Excute_IVQ -->
    </test> <!-- Default test -->
  </suite> <!-- Default suite -->
</testng-results>
